<?xml version="1.0" encoding="UTF-8"?>
<!-- Generated by org.testng.reporters.JUnitReportReporter -->
<testsuite skipped="0" hostname="DESKTOP-EMG1SG7" name="com.DDT.PracticeTest" tests="1" failures="0" timestamp="2022-03-23T10:46:24 IST" time="0.014" errors="0">
  <testcase name="xmlRead" time="0.014" classname="com.DDT.PracticeTest"/>
  <system-out/>
</testsuite> <!-- com.DDT.PracticeTest -->
