<?xml version="1.0" encoding="UTF-8"?>
<!-- Generated by org.testng.reporters.JUnitReportReporter -->
<testsuite skipped="0" hostname="DESKTOP-EMG1SG7" name="com.JDBC.ExecuteUpdateTest" tests="1" failures="0" timestamp="2022-03-24T11:16:39 IST" time="0.259" errors="0">
  <testcase name="executeUpdate" time="0.259" classname="com.JDBC.ExecuteUpdateTest"/>
  <system-out/>
</testsuite> <!-- com.JDBC.ExecuteUpdateTest -->
