<?xml version="1.0" encoding="UTF-8"?>
<!-- Generated by org.testng.reporters.JUnitReportReporter -->
<testsuite skipped="0" hostname="DESKTOP-EMG1SG7" name="com.JDBC.VtigercrmTest" tests="1" failures="0" timestamp="2022-03-26T23:25:16 IST" time="36.390" errors="0">
  <testcase name="vtiger" time="36.390" classname="com.JDBC.VtigercrmTest"/>
  <system-out/>
</testsuite> <!-- com.JDBC.VtigercrmTest -->
