<?xml version="1.0" encoding="UTF-8"?>
<!-- Generated by org.testng.reporters.JUnitReportReporter -->
<testsuite skipped="0" hostname="DESKTOP-EMG1SG7" name="com.DDT.ReadXmlDataTest" tests="1" failures="0" timestamp="2022-03-24T10:52:13 IST" time="0.010" errors="0">
  <testcase name="readXmlData" time="0.010" classname="com.DDT.ReadXmlDataTest"/>
  <system-out/>
</testsuite> <!-- com.DDT.ReadXmlDataTest -->
