<?xml version="1.0" encoding="UTF-8"?>
<!-- Generated by org.testng.reporters.JUnitReportReporter -->
<testsuite skipped="0" hostname="DESKTOP-EMG1SG7" name="com.JDBC.MySqlConnectorTest" tests="1" failures="0" timestamp="2022-03-23T12:37:34 IST" time="0.341" errors="0">
  <testcase name="mySqlConnector" time="0.341" classname="com.JDBC.MySqlConnectorTest"/>
  <system-out/>
</testsuite> <!-- com.JDBC.MySqlConnectorTest -->
