<?xml version="1.0" encoding="UTF-8"?>
<!-- Generated by org.testng.reporters.JUnitReportReporter -->
<testsuite skipped="0" hostname="DESKTOP-EMG1SG7" name="com.DDT.ExcelSheet" tests="1" failures="0" timestamp="2022-03-26T22:39:33 IST" time="0.669" errors="0">
  <testcase name="excelSheet" time="0.669" classname="com.DDT.ExcelSheet"/>
  <system-out/>
</testsuite> <!-- com.DDT.ExcelSheet -->
