<?xml version="1.0" encoding="UTF-8"?>
<!-- Generated by org.testng.reporters.JUnitReportReporter -->
<testsuite skipped="0" hostname="DESKTOP-EMG1SG7" name="com.DDT.CommonDtataFileTest" tests="1" failures="0" timestamp="2022-03-21T21:36:15 IST" time="0.010" errors="0">
  <testcase name="commonDataTest" time="0.010" classname="com.DDT.CommonDtataFileTest"/>
  <system-out/>
</testsuite> <!-- com.DDT.CommonDtataFileTest -->
