<?xml version="1.0" encoding="UTF-8"?>
<!-- Generated by org.testng.reporters.JUnitReportReporter -->
<testsuite skipped="0" hostname="DESKTOP-EMG1SG7" name="com.practce.NotPadTest" tests="1" failures="0" timestamp="2022-03-24T12:53:43 IST" time="0.257" errors="0">
  <testcase name="notePad" time="0.257" classname="com.practce.NotPadTest"/>
  <system-out/>
</testsuite> <!-- com.practce.NotPadTest -->
